{"contracts/Raffle.sol":{"l":{"60":3,"61":3,"62":3,"63":3,"64":3,"65":3,"66":3,"67":3,"71":8,"72":1,"74":7,"75":1,"77":6,"79":6,"94":6,"96":6,"97":6,"98":6,"99":6,"105":2,"106":2,"107":0,"117":2,"119":2,"127":2,"134":0,"135":0,"136":0,"137":0,"138":0,"139":0,"141":0,"142":0,"143":0,"145":0,"150":9,"154":1,"158":0,"162":2,"166":0,"170":0,"174":0,"178":0,"182":9},"path":"/Users/mac/Documents/coding/freecodecamp/hardhat-smartcontract-lottery/contracts/Raffle.sol","s":{"1":3,"2":3,"3":3,"4":3,"5":3,"6":3,"7":3,"8":3,"9":8,"10":7,"11":6,"12":6,"13":6,"14":6,"15":6,"16":6,"17":6,"18":2,"19":2,"20":2,"21":2,"22":2,"23":0,"24":0,"25":0,"26":0,"27":0,"28":0,"29":0,"30":0,"31":0,"32":9,"33":1,"34":0,"35":2,"36":0,"37":0,"38":0,"39":0,"40":9},"b":{"1":[1,7],"2":[1,6],"3":[0,2],"4":[0,0]},"f":{"1":3,"2":8,"3":6,"4":2,"5":0,"6":9,"7":1,"8":0,"9":2,"10":0,"11":0,"12":0,"13":0,"14":9},"fnMap":{"1":{"name":"constructor","line":59,"loc":{"start":{"line":52,"column":4},"end":{"line":68,"column":4}}},"2":{"name":"enterRaffle","line":70,"loc":{"start":{"line":70,"column":4},"end":{"line":80,"column":4}}},"3":{"name":"checkUpkeep","line":91,"loc":{"start":{"line":91,"column":4},"end":{"line":100,"column":4}}},"4":{"name":"performUpkeep","line":102,"loc":{"start":{"line":102,"column":4},"end":{"line":128,"column":4}}},"5":{"name":"fulfillRandomWords","line":130,"loc":{"start":{"line":130,"column":4},"end":{"line":146,"column":4}}},"6":{"name":"getEntranceFee","line":149,"loc":{"start":{"line":149,"column":4},"end":{"line":151,"column":4}}},"7":{"name":"getPlayer","line":153,"loc":{"start":{"line":153,"column":4},"end":{"line":155,"column":4}}},"8":{"name":"getRecentWinner","line":157,"loc":{"start":{"line":157,"column":4},"end":{"line":159,"column":4}}},"9":{"name":"getRaffleState","line":161,"loc":{"start":{"line":161,"column":4},"end":{"line":163,"column":4}}},"10":{"name":"getNumWords","line":165,"loc":{"start":{"line":165,"column":4},"end":{"line":167,"column":4}}},"11":{"name":"getNoOfPlayers","line":169,"loc":{"start":{"line":169,"column":4},"end":{"line":171,"column":4}}},"12":{"name":"getLatestTimeStamp","line":173,"loc":{"start":{"line":173,"column":4},"end":{"line":175,"column":4}}},"13":{"name":"getRequestConfirmations","line":177,"loc":{"start":{"line":177,"column":4},"end":{"line":179,"column":4}}},"14":{"name":"getInterval","line":181,"loc":{"start":{"line":181,"column":4},"end":{"line":183,"column":4}}}},"statementMap":{"1":{"start":{"line":60,"column":8},"end":{"line":60,"column":34}},"2":{"start":{"line":61,"column":8},"end":{"line":61,"column":69}},"3":{"start":{"line":62,"column":8},"end":{"line":62,"column":26}},"4":{"start":{"line":63,"column":8},"end":{"line":63,"column":40}},"5":{"start":{"line":64,"column":8},"end":{"line":64,"column":44}},"6":{"start":{"line":65,"column":8},"end":{"line":65,"column":39}},"7":{"start":{"line":66,"column":8},"end":{"line":66,"column":40}},"8":{"start":{"line":67,"column":8},"end":{"line":67,"column":28}},"9":{"start":{"line":71,"column":8},"end":{"line":71,"column":2183}},"10":{"start":{"line":74,"column":8},"end":{"line":74,"column":2284}},"11":{"start":{"line":77,"column":8},"end":{"line":77,"column":42}},"12":{"start":{"line":79,"column":8},"end":{"line":79,"column":36}},"13":{"start":{"line":94,"column":8},"end":{"line":94,"column":57}},"14":{"start":{"line":96,"column":8},"end":{"line":96,"column":74}},"15":{"start":{"line":97,"column":8},"end":{"line":97,"column":48}},"16":{"start":{"line":98,"column":8},"end":{"line":98,"column":51}},"17":{"start":{"line":99,"column":8},"end":{"line":99,"column":72}},"18":{"start":{"line":105,"column":8},"end":{"line":105,"column":47}},"19":{"start":{"line":106,"column":8},"end":{"line":106,"column":3472}},"20":{"start":{"line":117,"column":8},"end":{"line":117,"column":46}},"21":{"start":{"line":119,"column":8},"end":{"line":119,"column":3815}},"22":{"start":{"line":127,"column":8},"end":{"line":127,"column":45}},"23":{"start":{"line":134,"column":8},"end":{"line":134,"column":65}},"24":{"start":{"line":135,"column":8},"end":{"line":135,"column":63}},"25":{"start":{"line":136,"column":8},"end":{"line":136,"column":36}},"26":{"start":{"line":137,"column":8},"end":{"line":137,"column":39}},"27":{"start":{"line":138,"column":8},"end":{"line":138,"column":43}},"28":{"start":{"line":139,"column":8},"end":{"line":139,"column":40}},"29":{"start":{"line":141,"column":8},"end":{"line":141,"column":78}},"30":{"start":{"line":142,"column":8},"end":{"line":142,"column":4628}},"31":{"start":{"line":145,"column":8},"end":{"line":145,"column":39}},"32":{"start":{"line":150,"column":8},"end":{"line":150,"column":28}},"33":{"start":{"line":154,"column":8},"end":{"line":154,"column":31}},"34":{"start":{"line":158,"column":8},"end":{"line":158,"column":29}},"35":{"start":{"line":162,"column":8},"end":{"line":162,"column":28}},"36":{"start":{"line":166,"column":8},"end":{"line":166,"column":24}},"37":{"start":{"line":170,"column":8},"end":{"line":170,"column":31}},"38":{"start":{"line":174,"column":8},"end":{"line":174,"column":30}},"39":{"start":{"line":178,"column":8},"end":{"line":178,"column":36}},"40":{"start":{"line":182,"column":8},"end":{"line":182,"column":25}}},"branchMap":{"1":{"line":71,"type":"if","locations":[{"start":{"line":71,"column":8},"end":{"line":71,"column":8}},{"start":{"line":71,"column":8},"end":{"line":71,"column":8}}]},"2":{"line":74,"type":"if","locations":[{"start":{"line":74,"column":8},"end":{"line":74,"column":8}},{"start":{"line":74,"column":8},"end":{"line":74,"column":8}}]},"3":{"line":106,"type":"if","locations":[{"start":{"line":106,"column":8},"end":{"line":106,"column":8}},{"start":{"line":106,"column":8},"end":{"line":106,"column":8}}]},"4":{"line":142,"type":"if","locations":[{"start":{"line":142,"column":8},"end":{"line":142,"column":8}},{"start":{"line":142,"column":8},"end":{"line":142,"column":8}}]}}},"contracts/VRFCoordinatorV2Mock.sol":{"l":{},"path":"/Users/mac/Documents/coding/freecodecamp/hardhat-smartcontract-lottery/contracts/VRFCoordinatorV2Mock.sol","s":{},"b":{},"f":{},"fnMap":{},"statementMap":{},"branchMap":{}}}